<?xml version="1.0" encoding="UTF-8"?>
<testng-results skipped="0" failed="0" ignored="0" total="3" passed="3">
  <reporter-output>
  </reporter-output>
  <suite name="test suite" duration-ms="69" started-at="2019-09-25T05:33:39Z" finished-at="2019-09-25T05:33:39Z">
    <groups>
    </groups>
    <test name="testcases" duration-ms="69" started-at="2019-09-25T05:33:39Z" finished-at="2019-09-25T05:33:39Z">
      <class name="testcases.newtest">
        <test-method status="PASS" signature="testcase1()[pri:0, instance:testcases.newtest@6d78f375]" name="testcase1" duration-ms="18" started-at="2019-09-25T05:33:39Z" finished-at="2019-09-25T05:33:39Z">
          <reporter-output>
          </reporter-output>
        </test-method> <!-- testcase1 -->
        <test-method status="PASS" signature="testcase2()[pri:0, instance:testcases.newtest@6d78f375]" name="testcase2" duration-ms="2" started-at="2019-09-25T05:33:39Z" finished-at="2019-09-25T05:33:39Z">
          <reporter-output>
          </reporter-output>
        </test-method> <!-- testcase2 -->
      </class> <!-- testcases.newtest -->
      <class name="testcases.newtest1">
        <test-method status="PASS" signature="testcase3()[pri:0, instance:testcases.newtest1@50c87b21]" name="testcase3" duration-ms="1" started-at="2019-09-25T05:33:39Z" finished-at="2019-09-25T05:33:39Z">
          <reporter-output>
          </reporter-output>
        </test-method> <!-- testcase3 -->
      </class> <!-- testcases.newtest1 -->
    </test> <!-- testcases -->
  </suite> <!-- test suite -->
</testng-results>
