<?xml version="1.0" encoding="UTF-8"?>
<!-- Generated by org.testng.reporters.JUnitXMLReporter -->
<testsuite hostname="CDC2-D-CG6QXJ2" ignored="0" name="testcases" tests="3" failures="0" timestamp="25 Sep 2019 05:33:39 GMT" time="0.069" errors="0">
  <testcase name="testcase1" time="0.018" classname="testcases.newtest"/>
  <testcase name="testcase2" time="0.002" classname="testcases.newtest"/>
  <testcase name="testcase3" time="0.001" classname="testcases.newtest1"/>
</testsuite> <!-- testcases -->
